<?xml version="1.0" encoding="UTF-8"?>
<!-- Generated by org.testng.reporters.JUnitReportReporter -->
<testsuite hostname="DESKTOP-T7FVUDP" failures="0" tests="1" name="com.testNgprogram.Parallel2" time="186.028" errors="0" timestamp="2022-08-31T18:09:14 IST" skipped="0">
  <testcase classname="com.testNgprogram.Parallel2" name="ParallelTest2" time="186.028"/>
  <system-out/>
</testsuite> <!-- com.testNgprogram.Parallel2 -->
