<?xml version="1.0" encoding="UTF-8"?>
<!-- Generated by org.testng.reporters.JUnitReportReporter -->
<testsuite hostname="DESKTOP-T7FVUDP" failures="0" tests="1" name="com.testNgprogram.Test5Test" time="0.002" errors="0" timestamp="2022-08-31T14:14:53 IST" skipped="0">
  <testcase classname="com.testNgprogram.Test5Test" name="testmethod5" time="0.002"/>
  <system-out/>
</testsuite> <!-- com.testNgprogram.Test5Test -->
