<?xml version="1.0" encoding="UTF-8"?>
<!-- Generated by org.testng.reporters.JUnitReportReporter -->
<testsuite hostname="DESKTOP-T7FVUDP" failures="0" tests="2" name="com.testNgprogram.Test1" time="0.023" errors="0" timestamp="2022-08-30T17:06:07 IST" skipped="0">
  <testcase classname="com.testNgprogram.Test1" name="testmethod1" time="0.003"/>
  <system-out/>
  <testcase classname="com.testNgprogram.Test1" name="testmethod" time="0.020"/>
  <system-out/>
</testsuite> <!-- com.testNgprogram.Test1 -->
