<?xml version="1.0" encoding="UTF-8"?>
<!-- Generated by org.testng.reporters.JUnitReportReporter -->
<testsuite hostname="DESKTOP-T7FVUDP" failures="0" tests="2" name="com.testNgprogram.Test1Test" time="0.026" errors="0" timestamp="2022-08-30T17:10:02 IST" skipped="0">
  <testcase classname="com.testNgprogram.Test1Test" name="testmethod1Test" time="0.021"/>
  <system-out/>
  <testcase classname="com.testNgprogram.Test1Test" name="testmethodTest" time="0.005"/>
  <system-out/>
</testsuite> <!-- com.testNgprogram.Test1Test -->
