<?xml version="1.0" encoding="UTF-8"?>
<!-- Generated by org.testng.reporters.JUnitReportReporter -->
<testsuite hostname="DESKTOP-T7FVUDP" failures="0" tests="2" name="com.testNgprogram.Test2Test" time="0.010" errors="0" timestamp="2022-08-31T14:14:53 IST" skipped="0">
  <testcase classname="com.testNgprogram.Test2Test" name="Testmethod2Test" time="0.003"/>
  <system-out/>
  <testcase classname="com.testNgprogram.Test2Test" name="GTestmethod1Test" time="0.007"/>
  <system-out/>
</testsuite> <!-- com.testNgprogram.Test2Test -->
