<?xml version="1.0" encoding="UTF-8"?>
<!-- Generated by org.testng.reporters.JUnitReportReporter -->
<testsuite hostname="DESKTOP-T7FVUDP" failures="0" tests="2" name="com.testNgprogram.Group2" time="0.008" errors="0" timestamp="2022-08-31T14:46:29 IST" skipped="0">
  <testcase classname="com.testNgprogram.Group2" name="Group1method1" time="0.002"/>
  <system-out/>
  <testcase classname="com.testNgprogram.Group2" name="Group3method3" time="0.006"/>
  <system-out/>
</testsuite> <!-- com.testNgprogram.Group2 -->
