<?xml version="1.0" encoding="UTF-8"?>
<!-- Generated by org.testng.reporters.JUnitReportReporter -->
<testsuite hostname="DESKTOP-T7FVUDP" failures="0" tests="3" name="com.testNgprogram.PriorityTestCases" time="0.023" errors="0" timestamp="2022-08-31T15:09:56 IST" skipped="0">
  <testcase classname="com.testNgprogram.PriorityTestCases" name="Groupmethod2" time="0.017"/>
  <system-out/>
  <testcase classname="com.testNgprogram.PriorityTestCases" name="Groupmethod3" time="0.003"/>
  <system-out/>
  <testcase classname="com.testNgprogram.PriorityTestCases" name="Groupmethod1" time="0.003"/>
  <system-out/>
</testsuite> <!-- com.testNgprogram.PriorityTestCases -->
