<?xml version="1.0" encoding="UTF-8"?>
<!-- Generated by org.testng.reporters.JUnitReportReporter -->
<testsuite hostname="DESKTOP-T7FVUDP" failures="0" tests="1" name="com.testNgprogram.Group1" time="0.020" errors="0" timestamp="2022-08-31T14:46:29 IST" skipped="0">
  <testcase classname="com.testNgprogram.Group1" name="Groupmethod2" time="0.020"/>
  <system-out/>
</testsuite> <!-- com.testNgprogram.Group1 -->
