<?xml version="1.0" encoding="UTF-8"?>
<!-- Generated by org.testng.reporters.JUnitReportReporter -->
<testsuite hostname="DESKTOP-T7FVUDP" failures="0" tests="5" name="com.testNgprogram.TestDemo1" time="0.024" errors="0" timestamp="2022-08-31T17:17:14 IST" skipped="2">
  <testcase classname="com.testNgprogram.TestDemo1" name="DemoTest1" time="0.020"/>
  <system-out/>
  <testcase classname="com.testNgprogram.TestDemo1" name="DemoTest3" time="0.002"/>
  <system-out/>
  <testcase classname="com.testNgprogram.TestDemo1" name="DemoTest2" time="0.002"/>
  <system-out/>
  <testcase classname="com.testNgprogram.TestDemo1" name="DemoTest4">
    <skipped/>
  </testcase> <!-- DemoTest4 -->
  <system-out/>
  <testcase classname="com.testNgprogram.TestDemo1" name="DemoTest">
    <skipped/>
  </testcase> <!-- DemoTest -->
  <system-out/>
</testsuite> <!-- com.testNgprogram.TestDemo1 -->
