<?xml version="1.0" encoding="UTF-8"?>
<!-- Generated by org.testng.reporters.JUnitReportReporter -->
<testsuite hostname="DESKTOP-T7FVUDP" failures="0" tests="1" name="com.testNgprogram.Parallel3" time="198.815" errors="0" timestamp="2022-08-31T18:09:14 IST" skipped="0">
  <testcase classname="com.testNgprogram.Parallel3" name="ParallelTest3" time="198.815"/>
  <system-out/>
</testsuite> <!-- com.testNgprogram.Parallel3 -->
