<?xml version="1.0" encoding="UTF-8"?>
<!-- Generated by org.testng.reporters.JUnitReportReporter -->
<testsuite hostname="DESKTOP-T7FVUDP" failures="0" tests="1" name="com.testNgprogram.Parallel1" time="156.211" errors="0" timestamp="2022-08-31T18:09:15 IST" skipped="0">
  <testcase classname="com.testNgprogram.Parallel1" name="ParallelTest1" time="156.211"/>
  <system-out/>
</testsuite> <!-- com.testNgprogram.Parallel1 -->
