<?xml version="1.0" encoding="UTF-8"?>
<!-- Generated by org.testng.reporters.JUnitReportReporter -->
<testsuite hostname="DESKTOP-T7FVUDP" failures="0" tests="1" name="com.testNgprogram.FileUpload" time="37.610" errors="0" timestamp="2022-09-01T00:00:19 IST" skipped="0">
  <testcase classname="com.testNgprogram.FileUpload" name="fileupload_documentTest" time="37.610"/>
  <system-out/>
</testsuite> <!-- com.testNgprogram.FileUpload -->
