<?xml version="1.0" encoding="UTF-8"?>
<!-- Generated by org.testng.reporters.JUnitReportReporter -->
<testsuite hostname="DESKTOP-T7FVUDP" failures="0" tests="1" name="com.testNgprogram.Test4Test" time="0.003" errors="0" timestamp="2022-08-31T14:46:29 IST" skipped="0">
  <testcase classname="com.testNgprogram.Test4Test" name="testmethod4" time="0.003"/>
  <system-out/>
</testsuite> <!-- com.testNgprogram.Test4Test -->
