<?xml version="1.0" encoding="UTF-8"?>
<!-- Generated by org.testng.reporters.JUnitReportReporter -->
<testsuite hostname="DESKTOP-T7FVUDP" failures="0" tests="2" name="com.testNgprogram.CreateEmployee" time="0.021" errors="0" timestamp="2022-08-31T15:02:53 IST" skipped="0">
  <testcase classname="com.testNgprogram.CreateEmployee" name="UpdateEmployeeData" time="0.004"/>
  <system-out/>
  <testcase classname="com.testNgprogram.CreateEmployee" name="VCreateEmployeeData" time="0.017"/>
  <system-out/>
</testsuite> <!-- com.testNgprogram.CreateEmployee -->
