<?xml version="1.0" encoding="UTF-8"?>
<!-- Generated by org.testng.reporters.JUnitReportReporter -->
<testsuite hostname="DESKTOP-T7FVUDP" failures="0" tests="10" name="com.testNgprogram.TestDemo" time="0.049" errors="0" timestamp="2022-08-31T17:08:02 IST" skipped="0">
  <testcase classname="com.testNgprogram.TestDemo" name="DemoTest" time="0.005"/>
  <system-out/>
  <testcase classname="com.testNgprogram.TestDemo" name="DemoTest" time="0.005"/>
  <system-out/>
  <testcase classname="com.testNgprogram.TestDemo" name="DemoTest" time="0.002"/>
  <system-out/>
  <testcase classname="com.testNgprogram.TestDemo" name="DemoTest" time="0.004"/>
  <system-out/>
  <testcase classname="com.testNgprogram.TestDemo" name="DemoTest" time="0.003"/>
  <system-out/>
  <testcase classname="com.testNgprogram.TestDemo" name="DemoTest" time="0.003"/>
  <system-out/>
  <testcase classname="com.testNgprogram.TestDemo" name="DemoTest" time="0.003"/>
  <system-out/>
  <testcase classname="com.testNgprogram.TestDemo" name="DemoTest" time="0.019"/>
  <system-out/>
  <testcase classname="com.testNgprogram.TestDemo" name="DemoTest" time="0.002"/>
  <system-out/>
  <testcase classname="com.testNgprogram.TestDemo" name="DemoTest" time="0.003"/>
  <system-out/>
</testsuite> <!-- com.testNgprogram.TestDemo -->
