<?xml version="1.0" encoding="UTF-8"?>
<!-- Generated by org.testng.reporters.JUnitReportReporter -->
<testsuite hostname="DESKTOP-T7FVUDP" failures="0" tests="3" name="com.testNgprogram.Exceldata" time="4.421" errors="0" timestamp="2022-08-31T22:53:21 IST" skipped="0">
  <testcase classname="com.testNgprogram.Exceldata" name="Readexceldata" time="3.829"/>
  <system-out/>
  <testcase classname="com.testNgprogram.Exceldata" name="createdata" time="0.520"/>
  <system-out/>
  <testcase classname="com.testNgprogram.Exceldata" name="getcountofTestcase" time="0.072"/>
  <system-out/>
</testsuite> <!-- com.testNgprogram.Exceldata -->
